<?xml version="1.0" encoding="UTF-8"?>
<testsuite name="com.walmart.ticketservice.service.TicketServiceImplTest" time="0.241" tests="16" errors="0" skipped="0" failures="0">
  <properties>
    <property name="java.runtime.name" value="Java(TM) SE Runtime Environment"/>
    <property name="sun.boot.library.path" value="C:\Program Files\Java\jdk1.8.0_111\jre\bin"/>
    <property name="java.vm.version" value="25.111-b14"/>
    <property name="java.vm.vendor" value="Oracle Corporation"/>
    <property name="maven.multiModuleProjectDirectory" value="C:\Satya\WalmartCode\ticket-service"/>
    <property name="java.vendor.url" value="http://java.oracle.com/"/>
    <property name="path.separator" value=";"/>
    <property name="guice.disable.misplaced.annotation.check" value="true"/>
    <property name="java.vm.name" value="Java HotSpot(TM) 64-Bit Server VM"/>
    <property name="file.encoding.pkg" value="sun.io"/>
    <property name="user.script" value=""/>
    <property name="user.country" value="US"/>
    <property name="sun.java.launcher" value="SUN_STANDARD"/>
    <property name="sun.os.patch.level" value=""/>
    <property name="java.vm.specification.name" value="Java Virtual Machine Specification"/>
    <property name="user.dir" value="C:\Satya\WalmartCode\ticket-service"/>
    <property name="java.runtime.version" value="1.8.0_111-b14"/>
    <property name="java.awt.graphicsenv" value="sun.awt.Win32GraphicsEnvironment"/>
    <property name="java.endorsed.dirs" value="C:\Program Files\Java\jdk1.8.0_111\jre\lib\endorsed"/>
    <property name="os.arch" value="amd64"/>
    <property name="java.io.tmpdir" value="C:\Users\satya\AppData\Local\Temp\"/>
    <property name="line.separator" value="&#10;"/>
    <property name="java.vm.specification.vendor" value="Oracle Corporation"/>
    <property name="user.variant" value=""/>
    <property name="os.name" value="Windows 10"/>
    <property name="classworlds.conf" value="C:\Satya\Workrelated\NewPOC\Tools\apache-maven-3.3.9\bin\..\bin\m2.conf"/>
    <property name="sun.jnu.encoding" value="Cp1252"/>
    <property name="java.library.path" value="C:\Program Files\Java\jdk1.8.0_111\bin;C:\WINDOWS\Sun\Java\bin;C:\WINDOWS\system32;C:\WINDOWS;C:\ProgramData\Oracle\Java\javapath;C:\Program Files (x86)\Lenovo\FusionEngine;C:\WINDOWS\system32;C:\WINDOWS;C:\WINDOWS\System32\Wbem;C:\WINDOWS\System32\WindowsPowerShell\v1.0\;C:\Program Files (x86)\Common Files\lenovo\easyplussdk\bin;C:\Program Files\Java\jdk1.8.0_111\\bin;C:\Program Files\MySQL\MySQL Utilities 1.6\;C:\Satya\Tutorial\nodejsws\nodejs\;C:\Program Files (x86)\Skype\Phone\;C:\Satya\Workrelated\NewPOC\Tools\apache-maven-3.3.9\bin;C:\Satya\Workrelated\NewPOC\Tools\curl-7.53.1-win64-mingw\curl-7.53.1-win64-mingw\bin;C:\Users\satya\AppData\Local\Microsoft\WindowsApps;C:\Program Files\Java\jdk1.8.0_111\bin;C:\Users\satya\AppData\Roaming\npm;."/>
    <property name="java.specification.name" value="Java Platform API Specification"/>
    <property name="java.class.version" value="52.0"/>
    <property name="sun.management.compiler" value="HotSpot 64-Bit Tiered Compilers"/>
    <property name="os.version" value="10.0"/>
    <property name="user.home" value="C:\Users\satya"/>
    <property name="user.timezone" value="America/New_York"/>
    <property name="java.awt.printerjob" value="sun.awt.windows.WPrinterJob"/>
    <property name="java.specification.version" value="1.8"/>
    <property name="file.encoding" value="Cp1252"/>
    <property name="user.name" value="satya"/>
    <property name="java.class.path" value="C:\Satya\Workrelated\NewPOC\Tools\apache-maven-3.3.9\bin\..\boot\plexus-classworlds-2.5.2.jar"/>
    <property name="java.vm.specification.version" value="1.8"/>
    <property name="sun.arch.data.model" value="64"/>
    <property name="java.home" value="C:\Program Files\Java\jdk1.8.0_111\jre"/>
    <property name="sun.java.command" value="org.codehaus.plexus.classworlds.launcher.Launcher clean install"/>
    <property name="java.specification.vendor" value="Oracle Corporation"/>
    <property name="user.language" value="en"/>
    <property name="awt.toolkit" value="sun.awt.windows.WToolkit"/>
    <property name="java.vm.info" value="mixed mode"/>
    <property name="java.version" value="1.8.0_111"/>
    <property name="java.ext.dirs" value="C:\Program Files\Java\jdk1.8.0_111\jre\lib\ext;C:\WINDOWS\Sun\Java\lib\ext"/>
    <property name="sun.boot.class.path" value="C:\Program Files\Java\jdk1.8.0_111\jre\lib\resources.jar;C:\Program Files\Java\jdk1.8.0_111\jre\lib\rt.jar;C:\Program Files\Java\jdk1.8.0_111\jre\lib\sunrsasign.jar;C:\Program Files\Java\jdk1.8.0_111\jre\lib\jsse.jar;C:\Program Files\Java\jdk1.8.0_111\jre\lib\jce.jar;C:\Program Files\Java\jdk1.8.0_111\jre\lib\charsets.jar;C:\Program Files\Java\jdk1.8.0_111\jre\lib\jfr.jar;C:\Program Files\Java\jdk1.8.0_111\jre\classes"/>
    <property name="sun.stderr.encoding" value="cp437"/>
    <property name="java.vendor" value="Oracle Corporation"/>
    <property name="maven.home" value="C:\Satya\Workrelated\NewPOC\Tools\apache-maven-3.3.9\bin\.."/>
    <property name="file.separator" value="\"/>
    <property name="java.vendor.url.bug" value="http://bugreport.sun.com/bugreport/"/>
    <property name="sun.cpu.endian" value="little"/>
    <property name="sun.io.unicode.encoding" value="UnicodeLittle"/>
    <property name="sun.stdout.encoding" value="cp437"/>
    <property name="sun.desktop" value="windows"/>
    <property name="sun.cpu.isalist" value="amd64"/>
  </properties>
  <testcase name="testFindAndHoldSeatsAvailableInSingleRow" classname="com.walmart.ticketservice.service.TicketServiceImplTest" time="0.076"/>
  <testcase name="testReserveSeatsUnknownException" classname="com.walmart.ticketservice.service.TicketServiceImplTest" time="0.006"/>
  <testcase name="testFindAndHoldSeats" classname="com.walmart.ticketservice.service.TicketServiceImplTest" time="0.014"/>
  <testcase name="testReserveSeatsHoldExipred" classname="com.walmart.ticketservice.service.TicketServiceImplTest" time="0.007"/>
  <testcase name="testFindAndHoldSeatsWhenAnthorUserHold" classname="com.walmart.ticketservice.service.TicketServiceImplTest" time="0.015"/>
  <testcase name="testReserveSeats" classname="com.walmart.ticketservice.service.TicketServiceImplTest" time="0.01"/>
  <testcase name="testReserveSeatsInvalidHoldId" classname="com.walmart.ticketservice.service.TicketServiceImplTest" time="0.026"/>
  <testcase name="testFindAndHoldSeatsException" classname="com.walmart.ticketservice.service.TicketServiceImplTest" time="0.019"/>
  <testcase name="testReserveSeatsInvalidEmail" classname="com.walmart.ticketservice.service.TicketServiceImplTest" time="0.001"/>
  <testcase name="testFindAndHoldSeatsForNoEmail" classname="com.walmart.ticketservice.service.TicketServiceImplTest" time="0.008"/>
  <testcase name="testNumSeatsAvailable" classname="com.walmart.ticketservice.service.TicketServiceImplTest" time="0.006"/>
  <testcase name="testFindAndHoldSeatsFromBestSeats" classname="com.walmart.ticketservice.service.TicketServiceImplTest" time="0.015"/>
  <testcase name="testFindAndHoldSeatsForZeroSeats" classname="com.walmart.ticketservice.service.TicketServiceImplTest" time="0.005"/>
  <testcase name="testFindAndHoldSeatsSeatsAviable" classname="com.walmart.ticketservice.service.TicketServiceImplTest" time="0.015"/>
  <testcase name="testFindAndHoldSeatsAllSeatsAvaiable" classname="com.walmart.ticketservice.service.TicketServiceImplTest" time="0.009"/>
  <testcase name="testFindAndHoldSeatsFromTwoConsercutiveRows" classname="com.walmart.ticketservice.service.TicketServiceImplTest" time="0.009"/>
</testsuite>